<?xml version="1.0" encoding="UTF-8"?>
<testng-results ignored="0" total="1" passed="0" failed="1" skipped="0">
  <reporter-output>
  </reporter-output>
  <suite started-at="2022-04-30T12:39:02Z" name="Default suite" finished-at="2022-04-30T12:41:16Z" duration-ms="134217">
    <groups>
    </groups>
    <test started-at="2022-04-30T12:39:02Z" name="Default test" finished-at="2022-04-30T12:41:16Z" duration-ms="134217">
      <class name="GV.TestCases.TestCase_AddK">
        <test-method is-config="true" signature="beforeMethod()[pri:0, instance:GV.TestCases.TestCase_AddK@470734c3]" started-at="2022-04-30T17:09:02Z" name="beforeMethod" finished-at="2022-04-30T17:09:12Z" duration-ms="9466" status="PASS">
          <reporter-output>
          </reporter-output>
        </test-method> <!-- beforeMethod -->
        <test-method signature="f(java.lang.String, java.lang.String, java.lang.String, java.lang.String, java.lang.String, java.lang.String, java.lang.String, java.lang.String, java.lang.String, java.lang.String, java.lang.String, java.lang.String, java.lang.String, java.lang.String, java.lang.String)[pri:0, instance:GV.TestCases.TestCase_AddK@470734c3]" started-at="2022-04-30T17:09:12Z" name="f" data-provider="AddK" finished-at="2022-04-30T17:11:16Z" duration-ms="124565" status="FAIL">
          <params>
            <param index="0">
              <value>
                <![CDATA[http://79.175.176.91:8015]]>
              </value>
            </param>
            <param index="1">
              <value>
                <![CDATA[0257794328]]>
              </value>
            </param>
            <param index="2">
              <value>
                <![CDATA[RGF3MFw]]>
              </value>
            </param>
            <param index="3">
              <value>
                <![CDATA[پلی کلینیک دولتی]]>
              </value>
            </param>
            <param index="4">
              <value>
                <![CDATA[قرارداد آموزش و پرورش]]>
              </value>
            </param>
            <param index="5">
              <value>
                <![CDATA[5486]]>
              </value>
            </param>
            <param index="6">
              <value>
                <![CDATA[6982]]>
              </value>
            </param>
            <param index="7">
              <value>
                <![CDATA[326]]>
              </value>
            </param>
            <param index="8">
              <value>
                <![CDATA[98541]]>
              </value>
            </param>
            <param index="9">
              <value>
                <![CDATA[587]]>
              </value>
            </param>
            <param index="10">
              <value>
                <![CDATA[777]]>
              </value>
            </param>
            <param index="11">
              <value>
                <![CDATA[8888]]>
              </value>
            </param>
            <param index="12">
              <value>
                <![CDATA[9999]]>
              </value>
            </param>
            <param index="13">
              <value>
                <![CDATA[5555]]>
              </value>
            </param>
            <param index="14">
              <value>
                <![CDATA[32111]]>
              </value>
            </param>
          </params>
          <exception class="java.lang.AssertionError">
            <message>
              <![CDATA[expected [777] but found []]]>
            </message>
            <full-stacktrace>
              <![CDATA[java.lang.AssertionError: expected [777] but found []at org.testng.Assert.fail(Assert.java:96)at org.testng.Assert.failNotEquals(Assert.java:776)at org.testng.Assert.assertEqualsImpl(Assert.java:137)at org.testng.Assert.assertEquals(Assert.java:118)at org.testng.Assert.assertEquals(Assert.java:453)at org.testng.Assert.assertEquals(Assert.java:463)at GV.PageObject.PageObject_riali_K_tariff.Add_k_Dakheli(PageObject_riali_K_tariff.java:189)at GV.TestCases.TestCase_AddK.f(TestCase_AddK.java:63)at java.base/jdk.internal.reflect.NativeMethodAccessorImpl.invoke0(Native Method)at java.base/jdk.internal.reflect.NativeMethodAccessorImpl.invoke(NativeMethodAccessorImpl.java:78)at java.base/jdk.internal.reflect.DelegatingMethodAccessorImpl.invoke(DelegatingMethodAccessorImpl.java:43)at java.base/java.lang.reflect.Method.invoke(Method.java:567)at org.testng.internal.MethodInvocationHelper.invokeMethod(MethodInvocationHelper.java:124)at org.testng.internal.Invoker.invokeMethod(Invoker.java:571)at org.testng.internal.Invoker.invokeTestMethod(Invoker.java:707)at org.testng.internal.Invoker.invokeTestMethods(Invoker.java:979)at org.testng.internal.TestMethodWorker.invokeTestMethods(TestMethodWorker.java:125)at org.testng.internal.TestMethodWorker.run(TestMethodWorker.java:109)at org.testng.TestRunner.privateRun(TestRunner.java:648)at org.testng.TestRunner.run(TestRunner.java:505)at org.testng.SuiteRunner.runTest(SuiteRunner.java:455)at org.testng.SuiteRunner.runSequentially(SuiteRunner.java:450)at org.testng.SuiteRunner.privateRun(SuiteRunner.java:415)at org.testng.SuiteRunner.run(SuiteRunner.java:364)at org.testng.SuiteRunnerWorker.runSuite(SuiteRunnerWorker.java:52)at org.testng.SuiteRunnerWorker.run(SuiteRunnerWorker.java:84)at org.testng.TestNG.runSuitesSequentially(TestNG.java:1187)at org.testng.TestNG.runSuitesLocally(TestNG.java:1116)at org.testng.TestNG.runSuites(TestNG.java:1028)at org.testng.TestNG.run(TestNG.java:996)at org.testng.remote.AbstractRemoteTestNG.run(AbstractRemoteTestNG.java:115)at org.testng.remote.RemoteTestNG.initAndRun(RemoteTestNG.java:251)at org.testng.remote.RemoteTestNG.main(RemoteTestNG.java:77)]]>
            </full-stacktrace>
          </exception> <!-- java.lang.AssertionError -->
          <reporter-output>
          </reporter-output>
        </test-method> <!-- f -->
        <test-method is-config="true" signature="afterMethod()[pri:0, instance:GV.TestCases.TestCase_AddK@470734c3]" started-at="2022-04-30T17:11:16Z" name="afterMethod" finished-at="2022-04-30T17:11:16Z" duration-ms="0" status="PASS">
          <reporter-output>
          </reporter-output>
        </test-method> <!-- afterMethod -->
      </class> <!-- GV.TestCases.TestCase_AddK -->
    </test> <!-- Default test -->
  </suite> <!-- Default suite -->
</testng-results>
